GlyndwrTimetableSatNav/app/build/outputs/logs/manifest-merger-debug-report.txt
-- Merging decision tree log ---
manifest
ADDED from src\main\AndroidManifest.xml:2:1-61:12
INJECTED from src\main\AndroidManifest.xml:2:1-61:12
INJECTED from src\main\AndroidManifest.xml:2:1-61:12
INJECTED from src\main\AndroidManifest.xml:2:1-61:12
MERGED from [com.indooratlas.android:indooratlas-android-sdk:3.4.7] AndroidManifest.xml:2:1-68:12
MERGED from [com.google.android.material:material:1.5.0-alpha01] AndroidManifest.xml:17:1-24:12
MERGED from [androidx.constraintlayout:constraintlayout:2.0.4] AndroidManifest.xml:2:1-11:12
MERGED from [androidx.appcompat:appcompat:1.3.0] AndroidManifest.xml:17:1-24:12
MERGED from [com.google.android.gms:play-services-maps:17.0.1] AndroidManifest.xml:17:1-44:12
MERGED from [com.google.maps.android:android-maps-utils:0.3.4] AndroidManifest.xml:2:1-9:12
MERGED from [com.davemorrissey.labs:subsampling-scale-image-view:3.2.0] AndroidManifest.xml:2:1-11:12
MERGED from [com.jakewharton.timber:timber:4.7.1] AndroidManifest.xml:2:1-9:12
MERGED from [androidx.legacy:legacy-support-v4:1.0.0] AndroidManifest.xml:17:1-22:12
MERGED from [androidx.viewpager2:viewpager2:1.0.0] AndroidManifest.xml:17:1-24:12
MERGED from [com.google.android.gms:play-services-base:17.0.0] AndroidManifest.xml:17:1-29:12
MERGED from [com.google.android.gms:play-services-tasks:17.0.0] AndroidManifest.xml:2:1-9:12
MERGED from [com.google.android.gms:play-services-basement:17.0.0] AndroidManifest.xml:17:1-28:12
MERGED from [androidx.fragment:fragment:1.3.4] AndroidManifest.xml:17:1-24:12
MERGED from [androidx.activity:activity:1.2.3] AndroidManifest.xml:17:1-24:12
MERGED from [androidx.appcompat:appcompat-resources:1.3.0] AndroidManifest.xml:17:1-24:12
MERGED from [androidx.legacy:legacy-support-core-ui:1.0.0] AndroidManifest.xml:17:1-22:12
MERGED from [androidx.drawerlayout:drawerlayout:1.0.0] AndroidManifest.xml:17:1-22:12
MERGED from [androidx.coordinatorlayout:coordinatorlayout:1.1.0] AndroidManifest.xml:17:1-24:12
MERGED from [androidx.dynamicanimation:dynamicanimation:1.0.0] AndroidManifest.xml:17:1-22:12
MERGED from [androidx.transition:transition:1.2.0] AndroidManifest.xml:17:1-24:12
MERGED from [androidx.vectordrawable:vectordrawable-animated:1.1.0] AndroidManifest.xml:17:1-24:12
MERGED from [androidx.vectordrawable:vectordrawable:1.1.0] AndroidManifest.xml:17:1-24:12
MERGED from [androidx.media:media:1.0.0] AndroidManifest.xml:17:1-22:12
MERGED from [androidx.legacy:legacy-support-core-utils:1.0.0] AndroidManifest.xml:17:1-22:12
MERGED from [androidx.viewpager:viewpager:1.0.0] AndroidManifest.xml:17:1-22:12
MERGED from [androidx.loader:loader:1.0.0] AndroidManifest.xml:17:1-22:12
MERGED from [androidx.recyclerview:recyclerview:1.1.0] AndroidManifest.xml:17:1-24:12
MERGED from [androidx.slidingpanelayout:slidingpanelayout:1.0.0] AndroidManifest.xml:17:1-22:12
MERGED from [androidx.customview:customview:1.0.0] AndroidManifest.xml:17:1-22:12
MERGED from [androidx.swiperefreshlayout:swiperefreshlayout:1.0.0] AndroidManifest.xml:17:1-22:12
MERGED from [androidx.asynclayoutinflater:asynclayoutinflater:1.0.0] AndroidManifest.xml:17:1-22:12
MERGED from [androidx.core:core:1.5.0] AndroidManifest.xml:17:1-26:12
MERGED from [androidx.cursoradapter:cursoradapter:1.0.0] AndroidManifest.xml:17:1-22:12
MERGED from [androidx.lifecycle:lifecycle-viewmodel-savedstate:2.3.1] AndroidManifest.xml:17:1-24:12
MERGED from [androidx.savedstate:savedstate:1.1.0] AndroidManifest.xml:17:1-24:12
MERGED from [androidx.lifecycle:lifecycle-runtime:2.3.1] AndroidManifest.xml:17:1-24:12
MERGED from [androidx.lifecycle:lifecycle-viewmodel:2.3.1] AndroidManifest.xml:17:1-24:12
MERGED from [androidx.cardview:cardview:1.0.0] AndroidManifest.xml:17:1-22:12
MERGED from [androidx.versionedparcelable:versionedparcelable:1.1.1] AndroidManifest.xml:17:1-27:12
MERGED from [androidx.tracing:tracing:1.0.0] AndroidManifest.xml:17:1-24:12
MERGED from [androidx.lifecycle:lifecycle-livedata:2.0.0] AndroidManifest.xml:17:1-22:12
MERGED from [androidx.lifecycle:lifecycle-livedata-core:2.3.1] AndroidManifest.xml:17:1-24:12
MERGED from [androidx.arch.core:core-runtime:2.1.0] AndroidManifest.xml:17:1-24:12
MERGED from [androidx.documentfile:documentfile:1.0.0] AndroidManifest.xml:17:1-22:12
MERGED from [androidx.localbroadcastmanager:localbroadcastmanager:1.0.0] AndroidManifest.xml:17:1-22:12
MERGED from [androidx.print:print:1.0.0] AndroidManifest.xml:17:1-22:12
MERGED from [androidx.interpolator:interpolator:1.0.0] AndroidManifest.xml:17:1-22:12
MERGED from [androidx.annotation:annotation-experimental:1.0.0] AndroidManifest.xml:17:1-24:12
INJECTED from src\main\AndroidManifest.xml:2:1-61:12
INJECTED from src\main\AndroidManifest.xml:2:1-61:12
INJECTED from src\main\AndroidManifest.xml:2:1-61:12
	package
		ADDED from src\main\AndroidManifest.xml:3:5-49
		INJECTED from src\main\AndroidManifest.xml
		INJECTED from src\main\AndroidManifest.xml
	android:versionName
		INJECTED from src\main\AndroidManifest.xml
		ADDED from src\main\AndroidManifest.xml:2:1-61:12
		INJECTED from src\main\AndroidManifest.xml
	android:versionCode
		INJECTED from src\main\AndroidManifest.xml
		ADDED from src\main\AndroidManifest.xml:2:1-61:12
		INJECTED from src\main\AndroidManifest.xml
	xmlns:android
		ADDED from src\main\AndroidManifest.xml:2:11-69
uses-permission#android.permission.WRITE_EXTERNAL_STORAGE
ADDED from src\main\AndroidManifest.xml:5:5-81
	android:name
		ADDED from src\main\AndroidManifest.xml:5:22-78
uses-permission#android.permission.ACCESS_FINE_LOCATION
ADDED from src\main\AndroidManifest.xml:6:5-79
MERGED from [com.indooratlas.android:indooratlas-android-sdk:3.4.7] AndroidManifest.xml:16:5-79
MERGED from [com.indooratlas.android:indooratlas-android-sdk:3.4.7] AndroidManifest.xml:16:5-79
	android:name
		ADDED from src\main\AndroidManifest.xml:6:22-76
uses-permission#android.permission.DOWNLOAD_WITHOUT_NOTIFICATION
ADDED from src\main\AndroidManifest.xml:7:5-88
	android:name
		ADDED from src\main\AndroidManifest.xml:7:22-85
uses-permission#android.permission.INTERNET
ADDED from src\main\AndroidManifest.xml:8:5-67
MERGED from [com.indooratlas.android:indooratlas-android-sdk:3.4.7] AndroidManifest.xml:12:5-67
MERGED from [com.indooratlas.android:indooratlas-android-sdk:3.4.7] AndroidManifest.xml:12:5-67
MERGED from [com.google.android.gms:play-services-maps:17.0.1] AndroidManifest.xml:24:5-67
MERGED from [com.google.android.gms:play-services-maps:17.0.1] AndroidManifest.xml:24:5-67
	android:name
		ADDED from src\main\AndroidManifest.xml:8:22-64
uses-permission#android.permission.BLUETOOTH
ADDED from src\main\AndroidManifest.xml:9:5-68
MERGED from [com.indooratlas.android:indooratlas-android-sdk:3.4.7] AndroidManifest.xml:17:5-68
MERGED from [com.indooratlas.android:indooratlas-android-sdk:3.4.7] AndroidManifest.xml:17:5-68
	android:name
		ADDED from src\main\AndroidManifest.xml:9:22-65
uses-permission#android.permission.BLUETOOTH_ADMIN
ADDED from src\main\AndroidManifest.xml:10:5-74
MERGED from [com.indooratlas.android:indooratlas-android-sdk:3.4.7] AndroidManifest.xml:18:5-74
MERGED from [com.indooratlas.android:indooratlas-android-sdk:3.4.7] AndroidManifest.xml:18:5-74
	android:name
		ADDED from src\main\AndroidManifest.xml:10:22-71
uses-permission#android.permission.FOREGROUND_SERVICE
ADDED from src\main\AndroidManifest.xml:11:5-77
	android:name
		ADDED from src\main\AndroidManifest.xml:11:22-74
uses-feature#0x00020000
ADDED from src\main\AndroidManifest.xml:13:5-15:34
MERGED from [com.google.android.gms:play-services-maps:17.0.1] AndroidManifest.xml:26:5-28:35
MERGED from [com.google.android.gms:play-services-maps:17.0.1] AndroidManifest.xml:26:5-28:35
	android:glEsVersion
		ADDED from src\main\AndroidManifest.xml:14:9-41
	android:required
		ADDED from src\main\AndroidManifest.xml:15:9-32
application
ADDED from src\main\AndroidManifest.xml:17:5-59:19
MERGED from [com.indooratlas.android:indooratlas-android-sdk:3.4.7] AndroidManifest.xml:51:5-66:19
MERGED from [com.indooratlas.android:indooratlas-android-sdk:3.4.7] AndroidManifest.xml:51:5-66:19
MERGED from [com.google.android.material:material:1.5.0-alpha01] AndroidManifest.xml:22:5-20
MERGED from [com.google.android.material:material:1.5.0-alpha01] AndroidManifest.xml:22:5-20
MERGED from [androidx.constraintlayout:constraintlayout:2.0.4] AndroidManifest.xml:9:5-20
MERGED from [androidx.constraintlayout:constraintlayout:2.0.4] AndroidManifest.xml:9:5-20
MERGED from [com.google.android.gms:play-services-maps:17.0.1] AndroidManifest.xml:36:5-42:19
MERGED from [com.google.android.gms:play-services-maps:17.0.1] AndroidManifest.xml:36:5-42:19
MERGED from [com.google.maps.android:android-maps-utils:0.3.4] AndroidManifest.xml:7:5-20
MERGED from [com.google.maps.android:android-maps-utils:0.3.4] AndroidManifest.xml:7:5-20
MERGED from [com.jakewharton.timber:timber:4.7.1] AndroidManifest.xml:7:5-20
MERGED from [com.jakewharton.timber:timber:4.7.1] AndroidManifest.xml:7:5-20
MERGED from [com.google.android.gms:play-services-base:17.0.0] AndroidManifest.xml:22:5-27:19
MERGED from [com.google.android.gms:play-services-base:17.0.0] AndroidManifest.xml:22:5-27:19
MERGED from [com.google.android.gms:play-services-tasks:17.0.0] AndroidManifest.xml:7:5-20
MERGED from [com.google.android.gms:play-services-tasks:17.0.0] AndroidManifest.xml:7:5-20
MERGED from [com.google.android.gms:play-services-basement:17.0.0] AndroidManifest.xml:22:5-26:19
MERGED from [com.google.android.gms:play-services-basement:17.0.0] AndroidManifest.xml:22:5-26:19
MERGED from [androidx.core:core:1.5.0] AndroidManifest.xml:24:5-89
MERGED from [androidx.core:core:1.5.0] AndroidManifest.xml:24:5-89
MERGED from [androidx.versionedparcelable:versionedparcelable:1.1.1] AndroidManifest.xml:24:5-25:19
MERGED from [androidx.versionedparcelable:versionedparcelable:1.1.1] AndroidManifest.xml:24:5-25:19
	android:appComponentFactory
		ADDED from [androidx.core:core:1.5.0] AndroidManifest.xml:24:18-86
	android:supportsRtl
		ADDED from src\main\AndroidManifest.xml:22:9-35
	android:label
		ADDED from src\main\AndroidManifest.xml:20:9-41
	android:roundIcon
		ADDED from src\main\AndroidManifest.xml:21:9-54
	android:icon
		ADDED from src\main\AndroidManifest.xml:19:9-43
	android:allowBackup
		ADDED from src\main\AndroidManifest.xml:18:9-35
	android:theme
		ADDED from src\main\AndroidManifest.xml:23:9-40
meta-data#com.google.android.gms.version
ADDED from src\main\AndroidManifest.xml:24:9-26:69
MERGED from [com.google.android.gms:play-services-basement:17.0.0] AndroidManifest.xml:23:9-25:69
MERGED from [com.google.android.gms:play-services-basement:17.0.0] AndroidManifest.xml:23:9-25:69
	android:value
		ADDED from src\main\AndroidManifest.xml:26:13-66
	android:name
		ADDED from src\main\AndroidManifest.xml:25:13-58
meta-data#com.google.android.maps.v2.API_KEY
ADDED from src\main\AndroidManifest.xml:27:9-29:55
	android:value
		ADDED from src\main\AndroidManifest.xml:29:13-52
	android:name
		ADDED from src\main\AndroidManifest.xml:28:13-62
meta-data#com.indooratlas.android.sdk.API_KEY
ADDED from src\main\AndroidManifest.xml:30:9-32:59
	android:value
		ADDED from src\main\AndroidManifest.xml:32:13-56
	android:name
		ADDED from src\main\AndroidManifest.xml:31:13-63
meta-data#com.indooratlas.android.sdk.API_SECRET
ADDED from src\main\AndroidManifest.xml:33:9-35:62
	android:value
		ADDED from src\main\AndroidManifest.xml:35:13-59
	android:name
		ADDED from src\main\AndroidManifest.xml:34:13-66
activity#com.example.glyndwrtimetablesatnav.MapActivity
ADDED from src\main\AndroidManifest.xml:37:9-38:52
	android:screenOrientation
		ADDED from src\main\AndroidManifest.xml:38:13-49
	android:name
		ADDED from src\main\AndroidManifest.xml:37:19-46
activity#com.example.glyndwrtimetablesatnav.TimetableContents
ADDED from src\main\AndroidManifest.xml:39:9-55
	android:name
		ADDED from src\main\AndroidManifest.xml:39:19-52
activity#com.example.glyndwrtimetablesatnav.TimetablesActivity
ADDED from src\main\AndroidManifest.xml:40:9-56
	android:name
		ADDED from src\main\AndroidManifest.xml:40:19-53
activity#com.example.glyndwrtimetablesatnav.MainActivity
ADDED from src\main\AndroidManifest.xml:41:9-47:20
	android:name
		ADDED from src\main\AndroidManifest.xml:41:19-47
intent-filter#action:name:android.intent.action.MAIN+category:name:android.intent.category.LAUNCHER
ADDED from src\main\AndroidManifest.xml:42:13-46:29
action#android.intent.action.MAIN
ADDED from src\main\AndroidManifest.xml:43:17-69
	android:name
		ADDED from src\main\AndroidManifest.xml:43:25-66
category#android.intent.category.LAUNCHER
ADDED from src\main\AndroidManifest.xml:45:17-77
	android:name
		ADDED from src\main\AndroidManifest.xml:45:27-74
provider#androidx.core.content.FileProvider
ADDED from src\main\AndroidManifest.xml:49:9-57:20
	android:grantUriPermissions
		ADDED from src\main\AndroidManifest.xml:53:13-47
	android:authorities
		ADDED from src\main\AndroidManifest.xml:51:13-82
	android:exported
		ADDED from src\main\AndroidManifest.xml:52:13-37
	android:name
		ADDED from src\main\AndroidManifest.xml:50:13-62
meta-data#android.support.FILE_PROVIDER_PATHS
ADDED from src\main\AndroidManifest.xml:54:13-56:53
	android:resource
		ADDED from src\main\AndroidManifest.xml:56:17-50
	android:name
		ADDED from src\main\AndroidManifest.xml:55:17-67
uses-sdk
INJECTED from src\main\AndroidManifest.xml reason: use-sdk injection requested
INJECTED from src\main\AndroidManifest.xml
INJECTED from src\main\AndroidManifest.xml
MERGED from [com.indooratlas.android:indooratlas-android-sdk:3.4.7] AndroidManifest.xml:7:5-9:41
MERGED from [com.indooratlas.android:indooratlas-android-sdk:3.4.7] AndroidManifest.xml:7:5-9:41
MERGED from [com.google.android.material:material:1.5.0-alpha01] AndroidManifest.xml:20:5-44
MERGED from [com.google.android.material:material:1.5.0-alpha01] AndroidManifest.xml:20:5-44
MERGED from [androidx.constraintlayout:constraintlayout:2.0.4] AndroidManifest.xml:5:5-7:41
MERGED from [androidx.constraintlayout:constraintlayout:2.0.4] AndroidManifest.xml:5:5-7:41
MERGED from [androidx.appcompat:appcompat:1.3.0] AndroidManifest.xml:20:5-22:41
MERGED from [androidx.appcompat:appcompat:1.3.0] AndroidManifest.xml:20:5-22:41
MERGED from [com.google.android.gms:play-services-maps:17.0.1] AndroidManifest.xml:20:5-44
MERGED from [com.google.android.gms:play-services-maps:17.0.1] AndroidManifest.xml:20:5-44
MERGED from [com.google.maps.android:android-maps-utils:0.3.4] AndroidManifest.xml:5:5-43
MERGED from [com.google.maps.android:android-maps-utils:0.3.4] AndroidManifest.xml:5:5-43
MERGED from [com.davemorrissey.labs:subsampling-scale-image-view:3.2.0] AndroidManifest.xml:7:5-9:41
MERGED from [com.davemorrissey.labs:subsampling-scale-image-view:3.2.0] AndroidManifest.xml:7:5-9:41
MERGED from [com.jakewharton.timber:timber:4.7.1] AndroidManifest.xml:5:5-43
MERGED from [com.jakewharton.timber:timber:4.7.1] AndroidManifest.xml:5:5-43
MERGED from [androidx.legacy:legacy-support-v4:1.0.0] AndroidManifest.xml:20:5-44
MERGED from [androidx.legacy:legacy-support-v4:1.0.0] AndroidManifest.xml:20:5-44
MERGED from [androidx.viewpager2:viewpager2:1.0.0] AndroidManifest.xml:20:5-22:41
MERGED from [androidx.viewpager2:viewpager2:1.0.0] AndroidManifest.xml:20:5-22:41
MERGED from [com.google.android.gms:play-services-base:17.0.0] AndroidManifest.xml:20:5-44
MERGED from [com.google.android.gms:play-services-base:17.0.0] AndroidManifest.xml:20:5-44
MERGED from [com.google.android.gms:play-services-tasks:17.0.0] AndroidManifest.xml:5:5-44
MERGED from [com.google.android.gms:play-services-tasks:17.0.0] AndroidManifest.xml:5:5-44
MERGED from [com.google.android.gms:play-services-basement:17.0.0] AndroidManifest.xml:20:5-44
MERGED from [com.google.android.gms:play-services-basement:17.0.0] AndroidManifest.xml:20:5-44
MERGED from [androidx.fragment:fragment:1.3.4] AndroidManifest.xml:20:5-22:41
MERGED from [androidx.fragment:fragment:1.3.4] AndroidManifest.xml:20:5-22:41
MERGED from [androidx.activity:activity:1.2.3] AndroidManifest.xml:20:5-22:41
MERGED from [androidx.activity:activity:1.2.3] AndroidManifest.xml:20:5-22:41
MERGED from [androidx.appcompat:appcompat-resources:1.3.0] AndroidManifest.xml:20:5-22:41
MERGED from [androidx.appcompat:appcompat-resources:1.3.0] AndroidManifest.xml:20:5-22:41
MERGED from [androidx.legacy:legacy-support-core-ui:1.0.0] AndroidManifest.xml:20:5-44
MERGED from [androidx.legacy:legacy-support-core-ui:1.0.0] AndroidManifest.xml:20:5-44
MERGED from [androidx.drawerlayout:drawerlayout:1.0.0] AndroidManifest.xml:20:5-44
MERGED from [androidx.drawerlayout:drawerlayout:1.0.0] AndroidManifest.xml:20:5-44
MERGED from [androidx.coordinatorlayout:coordinatorlayout:1.1.0] AndroidManifest.xml:20:5-22:41
MERGED from [androidx.coordinatorlayout:coordinatorlayout:1.1.0] AndroidManifest.xml:20:5-22:41
MERGED from [androidx.dynamicanimation:dynamicanimation:1.0.0] AndroidManifest.xml:20:5-44
MERGED from [androidx.dynamicanimation:dynamicanimation:1.0.0] AndroidManifest.xml:20:5-44
MERGED from [androidx.transition:transition:1.2.0] AndroidManifest.xml:20:5-22:41
MERGED from [androidx.transition:transition:1.2.0] AndroidManifest.xml:20:5-22:41
MERGED from [androidx.vectordrawable:vectordrawable-animated:1.1.0] AndroidManifest.xml:20:5-22:41
MERGED from [androidx.vectordrawable:vectordrawable-animated:1.1.0] AndroidManifest.xml:20:5-22:41
MERGED from [androidx.vectordrawable:vectordrawable:1.1.0] AndroidManifest.xml:20:5-22:41
MERGED from [androidx.vectordrawable:vectordrawable:1.1.0] AndroidManifest.xml:20:5-22:41
MERGED from [androidx.media:media:1.0.0] AndroidManifest.xml:20:5-44
MERGED from [androidx.media:media:1.0.0] AndroidManifest.xml:20:5-44
MERGED from [androidx.legacy:legacy-support-core-utils:1.0.0] AndroidManifest.xml:20:5-44
MERGED from [androidx.legacy:legacy-support-core-utils:1.0.0] AndroidManifest.xml:20:5-44
MERGED from [androidx.viewpager:viewpager:1.0.0] AndroidManifest.xml:20:5-44
MERGED from [androidx.viewpager:viewpager:1.0.0] AndroidManifest.xml:20:5-44
MERGED from [androidx.loader:loader:1.0.0] AndroidManifest.xml:20:5-44
MERGED from [androidx.loader:loader:1.0.0] AndroidManifest.xml:20:5-44
MERGED from [androidx.recyclerview:recyclerview:1.1.0] AndroidManifest.xml:20:5-22:41
MERGED from [androidx.recyclerview:recyclerview:1.1.0] AndroidManifest.xml:20:5-22:41
MERGED from [androidx.slidingpanelayout:slidingpanelayout:1.0.0] AndroidManifest.xml:20:5-44
MERGED from [androidx.slidingpanelayout:slidingpanelayout:1.0.0] AndroidManifest.xml:20:5-44
MERGED from [androidx.customview:customview:1.0.0] AndroidManifest.xml:20:5-44
MERGED from [androidx.customview:customview:1.0.0] AndroidManifest.xml:20:5-44
MERGED from [androidx.swiperefreshlayout:swiperefreshlayout:1.0.0] AndroidManifest.xml:20:5-44
MERGED from [androidx.swiperefreshlayout:swiperefreshlayout:1.0.0] AndroidManifest.xml:20:5-44
MERGED from [androidx.asynclayoutinflater:asynclayoutinflater:1.0.0] AndroidManifest.xml:20:5-44
MERGED from [androidx.asynclayoutinflater:asynclayoutinflater:1.0.0] AndroidManifest.xml:20:5-44
MERGED from [androidx.core:core:1.5.0] AndroidManifest.xml:20:5-22:41
MERGED from [androidx.core:core:1.5.0] AndroidManifest.xml:20:5-22:41
MERGED from [androidx.cursoradapter:cursoradapter:1.0.0] AndroidManifest.xml:20:5-44
MERGED from [androidx.cursoradapter:cursoradapter:1.0.0] AndroidManifest.xml:20:5-44
MERGED from [androidx.lifecycle:lifecycle-viewmodel-savedstate:2.3.1] AndroidManifest.xml:20:5-22:41
MERGED from [androidx.lifecycle:lifecycle-viewmodel-savedstate:2.3.1] AndroidManifest.xml:20:5-22:41
MERGED from [androidx.savedstate:savedstate:1.1.0] AndroidManifest.xml:20:5-22:41
MERGED from [androidx.savedstate:savedstate:1.1.0] AndroidManifest.xml:20:5-22:41
MERGED from [androidx.lifecycle:lifecycle-runtime:2.3.1] AndroidManifest.xml:20:5-22:41
MERGED from [androidx.lifecycle:lifecycle-runtime:2.3.1] AndroidManifest.xml:20:5-22:41
MERGED from [androidx.lifecycle:lifecycle-viewmodel:2.3.1] AndroidManifest.xml:20:5-22:41
MERGED from [androidx.lifecycle:lifecycle-viewmodel:2.3.1] AndroidManifest.xml:20:5-22:41
MERGED from [androidx.cardview:cardview:1.0.0] AndroidManifest.xml:20:5-44
MERGED from [androidx.cardview:cardview:1.0.0] AndroidManifest.xml:20:5-44
MERGED from [androidx.versionedparcelable:versionedparcelable:1.1.1] AndroidManifest.xml:20:5-22:41
MERGED from [androidx.versionedparcelable:versionedparcelable:1.1.1] AndroidManifest.xml:20:5-22:41
MERGED from [androidx.tracing:tracing:1.0.0] AndroidManifest.xml:20:5-22:41
MERGED from [androidx.tracing:tracing:1.0.0] AndroidManifest.xml:20:5-22:41
MERGED from [androidx.lifecycle:lifecycle-livedata:2.0.0] AndroidManifest.xml:20:5-44
MERGED from [androidx.lifecycle:lifecycle-livedata:2.0.0] AndroidManifest.xml:20:5-44
MERGED from [androidx.lifecycle:lifecycle-livedata-core:2.3.1] AndroidManifest.xml:20:5-22:41
MERGED from [androidx.lifecycle:lifecycle-livedata-core:2.3.1] AndroidManifest.xml:20:5-22:41
MERGED from [androidx.arch.core:core-runtime:2.1.0] AndroidManifest.xml:20:5-22:41
MERGED from [androidx.arch.core:core-runtime:2.1.0] AndroidManifest.xml:20:5-22:41
MERGED from [androidx.documentfile:documentfile:1.0.0] AndroidManifest.xml:20:5-44
MERGED from [androidx.documentfile:documentfile:1.0.0] AndroidManifest.xml:20:5-44
MERGED from [androidx.localbroadcastmanager:localbroadcastmanager:1.0.0] AndroidManifest.xml:20:5-44
MERGED from [androidx.localbroadcastmanager:localbroadcastmanager:1.0.0] AndroidManifest.xml:20:5-44
MERGED from [androidx.print:print:1.0.0] AndroidManifest.xml:20:5-44
MERGED from [androidx.print:print:1.0.0] AndroidManifest.xml:20:5-44
MERGED from [androidx.interpolator:interpolator:1.0.0] AndroidManifest.xml:20:5-44
MERGED from [androidx.interpolator:interpolator:1.0.0] AndroidManifest.xml:20:5-44
MERGED from [androidx.annotation:annotation-experimental:1.0.0] AndroidManifest.xml:20:5-22:41
MERGED from [androidx.annotation:annotation-experimental:1.0.0] AndroidManifest.xml:20:5-22:41
INJECTED from src\main\AndroidManifest.xml
INJECTED from src\main\AndroidManifest.xml
	android:targetSdkVersion
		INJECTED from src\main\AndroidManifest.xml
		ADDED from src\main\AndroidManifest.xml
		INJECTED from src\main\AndroidManifest.xml
	android:minSdkVersion
		INJECTED from src\main\AndroidManifest.xml
		ADDED from src\main\AndroidManifest.xml
		INJECTED from src\main\AndroidManifest.xml
uses-permission#android.permission.ACCESS_NETWORK_STATE
ADDED from [com.indooratlas.android:indooratlas-android-sdk:3.4.7] AndroidManifest.xml:11:5-79
MERGED from [com.google.android.gms:play-services-maps:17.0.1] AndroidManifest.xml:23:5-79
MERGED from [com.google.android.gms:play-services-maps:17.0.1] AndroidManifest.xml:23:5-79
	android:name
		ADDED from [com.indooratlas.android:indooratlas-android-sdk:3.4.7] AndroidManifest.xml:11:22-76
uses-permission#android.permission.CHANGE_WIFI_STATE
ADDED from [com.indooratlas.android:indooratlas-android-sdk:3.4.7] AndroidManifest.xml:13:5-76
	android:name
		ADDED from [com.indooratlas.android:indooratlas-android-sdk:3.4.7] AndroidManifest.xml:13:22-73
uses-permission#android.permission.ACCESS_WIFI_STATE
ADDED from [com.indooratlas.android:indooratlas-android-sdk:3.4.7] AndroidManifest.xml:14:5-76
	android:name
		ADDED from [com.indooratlas.android:indooratlas-android-sdk:3.4.7] AndroidManifest.xml:14:22-73
uses-permission#android.permission.ACCESS_COARSE_LOCATION
ADDED from [com.indooratlas.android:indooratlas-android-sdk:3.4.7] AndroidManifest.xml:15:5-81
	android:name
		ADDED from [com.indooratlas.android:indooratlas-android-sdk:3.4.7] AndroidManifest.xml:15:22-78
uses-feature#android.hardware.sensor.accelerometer
ADDED from [com.indooratlas.android:indooratlas-android-sdk:3.4.7] AndroidManifest.xml:20:5-22:36
	android:required
		ADDED from [com.indooratlas.android:indooratlas-android-sdk:3.4.7] AndroidManifest.xml:22:9-33
	android:name
		ADDED from [com.indooratlas.android:indooratlas-android-sdk:3.4.7] AndroidManifest.xml:21:9-61
uses-feature#android.hardware.sensor.compass
ADDED from [com.indooratlas.android:indooratlas-android-sdk:3.4.7] AndroidManifest.xml:23:5-25:36
	android:required
		ADDED from [com.indooratlas.android:indooratlas-android-sdk:3.4.7] AndroidManifest.xml:25:9-33
	android:name
		ADDED from [com.indooratlas.android:indooratlas-android-sdk:3.4.7] AndroidManifest.xml:24:9-55
uses-feature#android.hardware.sensor.gyroscope
ADDED from [com.indooratlas.android:indooratlas-android-sdk:3.4.7] AndroidManifest.xml:26:5-28:36
	android:required
		ADDED from [com.indooratlas.android:indooratlas-android-sdk:3.4.7] AndroidManifest.xml:28:9-33
	android:name
		ADDED from [com.indooratlas.android:indooratlas-android-sdk:3.4.7] AndroidManifest.xml:27:9-57
uses-feature#android.hardware.sensor.barometer
ADDED from [com.indooratlas.android:indooratlas-android-sdk:3.4.7] AndroidManifest.xml:29:5-31:36
	android:required
		ADDED from [com.indooratlas.android:indooratlas-android-sdk:3.4.7] AndroidManifest.xml:31:9-33
	android:name
		ADDED from [com.indooratlas.android:indooratlas-android-sdk:3.4.7] AndroidManifest.xml:30:9-57
uses-feature#android.hardware.wifi
ADDED from [com.indooratlas.android:indooratlas-android-sdk:3.4.7] AndroidManifest.xml:32:5-34:36
	android:required
		ADDED from [com.indooratlas.android:indooratlas-android-sdk:3.4.7] AndroidManifest.xml:34:9-33
	android:name
		ADDED from [com.indooratlas.android:indooratlas-android-sdk:3.4.7] AndroidManifest.xml:33:9-45
uses-feature#android.hardware.bluetooth
ADDED from [com.indooratlas.android:indooratlas-android-sdk:3.4.7] AndroidManifest.xml:35:5-37:36
	android:required
		ADDED from [com.indooratlas.android:indooratlas-android-sdk:3.4.7] AndroidManifest.xml:37:9-33
	android:name
		ADDED from [com.indooratlas.android:indooratlas-android-sdk:3.4.7] AndroidManifest.xml:36:9-50
uses-feature#android.hardware.bluetooth_le
ADDED from [com.indooratlas.android:indooratlas-android-sdk:3.4.7] AndroidManifest.xml:38:5-40:36
	android:required
		ADDED from [com.indooratlas.android:indooratlas-android-sdk:3.4.7] AndroidManifest.xml:40:9-33
	android:name
		ADDED from [com.indooratlas.android:indooratlas-android-sdk:3.4.7] AndroidManifest.xml:39:9-53
uses-feature#android.hardware.location
ADDED from [com.indooratlas.android:indooratlas-android-sdk:3.4.7] AndroidManifest.xml:41:5-43:36
	android:required
		ADDED from [com.indooratlas.android:indooratlas-android-sdk:3.4.7] AndroidManifest.xml:43:9-33
	android:name
		ADDED from [com.indooratlas.android:indooratlas-android-sdk:3.4.7] AndroidManifest.xml:42:9-49
uses-feature#android.hardware.location.gps
ADDED from [com.indooratlas.android:indooratlas-android-sdk:3.4.7] AndroidManifest.xml:44:5-46:36
	android:required
		ADDED from [com.indooratlas.android:indooratlas-android-sdk:3.4.7] AndroidManifest.xml:46:9-33
	android:name
		ADDED from [com.indooratlas.android:indooratlas-android-sdk:3.4.7] AndroidManifest.xml:45:9-53
uses-feature#android.hardware.location.network
ADDED from [com.indooratlas.android:indooratlas-android-sdk:3.4.7] AndroidManifest.xml:47:5-49:36
	android:required
		ADDED from [com.indooratlas.android:indooratlas-android-sdk:3.4.7] AndroidManifest.xml:49:9-33
	android:name
		ADDED from [com.indooratlas.android:indooratlas-android-sdk:3.4.7] AndroidManifest.xml:48:9-57
service#com.indooratlas.android.sdk.IALocationService
ADDED from [com.indooratlas.android:indooratlas-android-sdk:3.4.7] AndroidManifest.xml:52:9-54:49
	android:label
		ADDED from [com.indooratlas.android:indooratlas-android-sdk:3.4.7] AndroidManifest.xml:54:13-46
	android:name
		ADDED from [com.indooratlas.android:indooratlas-android-sdk:3.4.7] AndroidManifest.xml:53:13-73
service#com.indooratlas.android.sdk.internal.offline.DataUploadService
ADDED from [com.indooratlas.android:indooratlas-android-sdk:3.4.7] AndroidManifest.xml:55:9-59:72
	android:label
		ADDED from [com.indooratlas.android:indooratlas-android-sdk:3.4.7] AndroidManifest.xml:58:13-46
	android:exported
		ADDED from [com.indooratlas.android:indooratlas-android-sdk:3.4.7] AndroidManifest.xml:57:13-37
	android:permission
		ADDED from [com.indooratlas.android:indooratlas-android-sdk:3.4.7] AndroidManifest.xml:59:13-69
	android:name
		ADDED from [com.indooratlas.android:indooratlas-android-sdk:3.4.7] AndroidManifest.xml:56:13-90
provider#com.indooratlas.android.sdk.IndoorAtlasInitProvider
ADDED from [com.indooratlas.android:indooratlas-android-sdk:3.4.7] AndroidManifest.xml:61:9-65:40
	android:enabled
		ADDED from [com.indooratlas.android:indooratlas-android-sdk:3.4.7] AndroidManifest.xml:64:13-35
	android:authorities
		ADDED from [com.indooratlas.android:indooratlas-android-sdk:3.4.7] AndroidManifest.xml:63:13-75
	android:exported
		ADDED from [com.indooratlas.android:indooratlas-android-sdk:3.4.7] AndroidManifest.xml:65:13-37
	android:name
		ADDED from [com.indooratlas.android:indooratlas-android-sdk:3.4.7] AndroidManifest.xml:62:13-79
queries
ADDED from [com.google.android.gms:play-services-maps:17.0.1] AndroidManifest.xml:30:5-34:15
package#com.google.android.apps.maps
ADDED from [com.google.android.gms:play-services-maps:17.0.1] AndroidManifest.xml:33:9-64
	android:name
		ADDED from [com.google.android.gms:play-services-maps:17.0.1] AndroidManifest.xml:33:18-61
uses-library#org.apache.http.legacy
ADDED from [com.google.android.gms:play-services-maps:17.0.1] AndroidManifest.xml:39:9-41:40
	android:required
		ADDED from [com.google.android.gms:play-services-maps:17.0.1] AndroidManifest.xml:41:13-37
	android:name
		ADDED from [com.google.android.gms:play-services-maps:17.0.1] AndroidManifest.xml:40:13-50
activity#com.google.android.gms.common.api.GoogleApiActivity
ADDED from [com.google.android.gms:play-services-base:17.0.0] AndroidManifest.xml:23:9-26:75
	android:exported
		ADDED from [com.google.android.gms:play-services-base:17.0.0] AndroidManifest.xml:25:13-37
	android:theme
		ADDED from [com.google.android.gms:play-services-base:17.0.0] AndroidManifest.xml:26:13-72
	android:name